\BOOKMARK [0][-]{chapter.1}{ \040}{}% 1
\BOOKMARK [1][-]{section.1.1}{ \040}{chapter.1}% 2
\BOOKMARK [2][-]{subsection.1.1.1}{ }{section.1.1}% 3
\BOOKMARK [2][-]{subsection.1.1.2}{}{section.1.1}% 4
\BOOKMARK [2][-]{subsection.1.1.3}{ }{section.1.1}% 5
\BOOKMARK [2][-]{subsection.1.1.4}{ '}{section.1.1}% 6
\BOOKMARK [2][-]{subsection.1.1.5}{ '}{section.1.1}% 7
\BOOKMARK [1][-]{section.1.2}{ }{chapter.1}% 8
\BOOKMARK [2][-]{subsection.1.2.1}{}{section.1.2}% 9
\BOOKMARK [2][-]{subsection.1.2.2}{}{section.1.2}% 10
\BOOKMARK [2][-]{subsection.1.2.3}{}{section.1.2}% 11
\BOOKMARK [2][-]{subsection.1.2.4}{}{section.1.2}% 12
\BOOKMARK [2][-]{subsection.1.2.5}{}{section.1.2}% 13
\BOOKMARK [2][-]{subsection.1.2.6}{- }{section.1.2}% 14
\BOOKMARK [2][-]{subsection.1.2.7}{ }{section.1.2}% 15
\BOOKMARK [2][-]{subsection.1.2.8}{ }{section.1.2}% 16
\BOOKMARK [2][-]{subsection.1.2.9}{ }{section.1.2}% 17
\BOOKMARK [2][-]{subsection.1.2.10}{'}{section.1.2}% 18
\BOOKMARK [2][-]{subsection.1.2.11}{}{section.1.2}% 19
\BOOKMARK [0][-]{chapter.2}{ \040 Arduino}{}% 20
\BOOKMARK [1][-]{section.2.1}{Arduino}{chapter.2}% 21
\BOOKMARK [1][-]{section.2.2}{Arduino IDE}{chapter.2}% 22
\BOOKMARK [1][-]{section.2.3}{Fritzing}{chapter.2}% 23
\BOOKMARK [0][-]{chapter.3}{ \040Arduino IDE}{}% 24
\BOOKMARK [1][-]{section.3.1}{}{chapter.3}% 25
\BOOKMARK [2][-]{subsection.3.1.1}{ }{section.3.1}% 26
\BOOKMARK [1][-]{section.3.2}{}{chapter.3}% 27
\BOOKMARK [2][-]{subsection.3.2.1}{ \040 \040 Arduino}{section.3.2}% 28
\BOOKMARK [2][-]{subsection.3.2.2}{ }{section.3.2}% 29
\BOOKMARK [2][-]{subsection.3.2.3}{ }{section.3.2}% 30
\BOOKMARK [2][-]{subsection.3.2.4}{ }{section.3.2}% 31
\BOOKMARK [2][-]{subsection.3.2.5}{}{section.3.2}% 32
\BOOKMARK [1][-]{section.3.3}{}{chapter.3}% 33
\BOOKMARK [2][-]{subsection.3.3.1}{ /}{section.3.3}% 34
\BOOKMARK [3][-]{section*.40}{digitalRead\(\)}{subsection.3.3.1}% 35
\BOOKMARK [3][-]{section*.46}{digitalWrite\(\)}{subsection.3.3.1}% 36
\BOOKMARK [3][-]{section*.53}{pinMode\(\)}{subsection.3.3.1}% 37
\BOOKMARK [2][-]{subsection.3.3.2}{ /}{section.3.3}% 38
\BOOKMARK [3][-]{section*.60}{analogRead\(\)}{subsection.3.3.2}% 39
\BOOKMARK [3][-]{section*.67}{analogReference\(\)}{subsection.3.3.2}% 40
\BOOKMARK [3][-]{section*.73}{analogWrite\(\)}{subsection.3.3.2}% 41
\BOOKMARK [2][-]{subsection.3.3.3}{ /}{section.3.3}% 42
\BOOKMARK [3][-]{section*.80}{noTone\(\)}{subsection.3.3.3}% 43
\BOOKMARK [3][-]{section*.86}{pulseIn\(\)}{subsection.3.3.3}% 44
\BOOKMARK [3][-]{section*.92}{pulseInLong\(\)}{subsection.3.3.3}% 45
\BOOKMARK [3][-]{section*.99}{shiftIn\(\)}{subsection.3.3.3}% 46
\BOOKMARK [3][-]{section*.104}{shiftOut\(\)}{subsection.3.3.3}% 47
\BOOKMARK [3][-]{section*.110}{tone\(\)}{subsection.3.3.3}% 48
\BOOKMARK [2][-]{subsection.3.3.4}{ \040}{section.3.3}% 49
\BOOKMARK [3][-]{section*.111}{delay\(\)}{subsection.3.3.4}% 50
\BOOKMARK [3][-]{section*.112}{delayMicroseconds\(\)}{subsection.3.3.4}% 51
\BOOKMARK [3][-]{section*.113}{micros\(\)}{subsection.3.3.4}% 52
\BOOKMARK [3][-]{section*.114}{millis\(\)}{subsection.3.3.4}% 53
\BOOKMARK [2][-]{subsection.3.3.5}{ }{section.3.3}% 54
\BOOKMARK [3][-]{section*.115}{abs\(\)}{subsection.3.3.5}% 55
\BOOKMARK [3][-]{section*.116}{constrain\(\)}{subsection.3.3.5}% 56
\BOOKMARK [3][-]{section*.117}{map\(\)}{subsection.3.3.5}% 57
\BOOKMARK [3][-]{section*.118}{max\(\)}{subsection.3.3.5}% 58
\BOOKMARK [3][-]{section*.119}{min\(\)}{subsection.3.3.5}% 59
\BOOKMARK [3][-]{section*.120}{pow\(\)}{subsection.3.3.5}% 60
\BOOKMARK [3][-]{section*.121}{sq\(\)}{subsection.3.3.5}% 61
\BOOKMARK [3][-]{section*.122}{sqrt\(\)}{subsection.3.3.5}% 62
\BOOKMARK [3][-]{section*.123}{trigonometry}{subsection.3.3.5}% 63
\BOOKMARK [2][-]{subsection.3.3.6}{ }{section.3.3}% 64
\BOOKMARK [3][-]{section*.124}{random\(\)}{subsection.3.3.6}% 65
\BOOKMARK [3][-]{section*.125}{randomSeed\(\)}{subsection.3.3.6}% 66
\BOOKMARK [2][-]{subsection.3.3.7}{ }{section.3.3}% 67
\BOOKMARK [3][-]{section*.126}{Serial}{subsection.3.3.7}% 68
\BOOKMARK [3][-]{section*.127}{stream}{subsection.3.3.7}% 69
\BOOKMARK [3][-]{section*.128}{Keyboard}{subsection.3.3.7}% 70
\BOOKMARK [3][-]{section*.129}{Mouse}{subsection.3.3.7}% 71
\BOOKMARK [0][-]{chapter.4}{- }{}% 72
\BOOKMARK [1][-]{section.4.1}{1 [ \040]}{chapter.4}% 73
\BOOKMARK [1][-]{section.4.2}{2 [ \040]}{chapter.4}% 74
